0 info it worked if it ends with ok
1 verbose cli [ 'C:\\Program Files\\nodejs\\node.exe',
1 verbose cli   'C:\\Users\\borisv\\AppData\\Roaming\\npm\\node_modules\\npm\\bin\\npm-cli.js',
1 verbose cli   'start' ]
2 info using npm@3.9.0
3 info using node@v6.1.0
4 verbose run-script [ 'prestart', 'start', 'poststart' ]
5 info lifecycle planiky-server@1.0.0~prestart: planiky-server@1.0.0
6 silly lifecycle planiky-server@1.0.0~prestart: no script for prestart, continuing
7 info lifecycle planiky-server@1.0.0~start: planiky-server@1.0.0
8 verbose lifecycle planiky-server@1.0.0~start: unsafe-perm in lifecycle true
9 verbose lifecycle planiky-server@1.0.0~start: PATH: C:\Users\borisv\AppData\Roaming\npm\node_modules\npm\bin\node-gyp-bin;C:\Users\borisv\Desktop\Node\planiky\planiky\server\node_modules\.bin;C:\Program Files\nodejs;C:\ProgramData\Oracle\Java\javapath;C:\Program Files (x86)\Intel\iCLS Client\;C:\Program Files\Intel\iCLS Client\;C:\Windows\system32;C:\Windows;C:\Windows\System32\Wbem;C:\Windows\System32\WindowsPowerShell\v1.0\;C:\Program Files\Intel\WiFi\bin\;C:\Program Files\Common Files\Intel\WirelessCommon\;C:\Program Files\Intel\Intel(R) Management Engine Components\DAL;C:\Program Files (x86)\Intel\Intel(R) Management Engine Components\DAL;C:\Program Files\Intel\Intel(R) Management Engine Components\IPT;C:\Program Files (x86)\Intel\Intel(R) Management Engine Components\IPT;C:\Program Files\Microsoft SQL Server\Client SDK\ODBC\110\Tools\Binn\;C:\Program Files (x86)\Microsoft SQL Server\120\Tools\Binn\ManagementStudio\;C:\Program Files (x86)\Microsoft SQL Server\120\Tools\Binn\;C:\Program Files\Microsoft SQL Server\120\Tools\Binn\;C:\Program Files (x86)\Microsoft SQL Server\120\DTS\Binn\;C:\Program Files\Microsoft SQL Server\120\DTS\Binn\;C:\Program Files (x86)\Windows Kits\8.1\Windows Performance Toolkit\;C:\Program Files\Microsoft SQL Server\110\Tools\Binn\;C:\Program Files (x86)\Microsoft SDKs\TypeScript\1.0\;C:\Program Files (x86)\Skype\Phone\;C:\Program Files\Microsoft\Web Platform Installer\;C:\Program Files\Microsoft SQL Server\130\Tools\Binn\;C:\Program Files (x86)\Deployd\bin;C:\Program Files\nodejs\;C:\Program Files\System Center Operations Manager 2007\;C:\Program Files (x86)\Microsoft SQL Server\110\DTS\Binn\;C:\Program Files (x86)\Microsoft SQL Server\130\DTS\Binn\;C:\Users\borisv\AppData\Local\Programs\Git\cmd;C:\Users\borisv\.dnx\bin;C:\Users\borisv\AppData\Roaming\npm;C:\Users\borisv\AppData\Local\atom\bin
10 verbose lifecycle planiky-server@1.0.0~start: CWD: C:\Users\borisv\Desktop\Node\planiky\planiky\server
11 silly lifecycle planiky-server@1.0.0~start: Args: [ '/d /s /c', 'node server.js' ]
12 silly lifecycle planiky-server@1.0.0~start: Returned: code: 1  signal: null
13 info lifecycle planiky-server@1.0.0~start: Failed to exec start script
14 verbose stack Error: planiky-server@1.0.0 start: `node server.js`
14 verbose stack Exit status 1
14 verbose stack     at EventEmitter.<anonymous> (C:\Users\borisv\AppData\Roaming\npm\node_modules\npm\lib\utils\lifecycle.js:245:16)
14 verbose stack     at emitTwo (events.js:106:13)
14 verbose stack     at EventEmitter.emit (events.js:191:7)
14 verbose stack     at ChildProcess.<anonymous> (C:\Users\borisv\AppData\Roaming\npm\node_modules\npm\lib\utils\spawn.js:24:14)
14 verbose stack     at emitTwo (events.js:106:13)
14 verbose stack     at ChildProcess.emit (events.js:191:7)
14 verbose stack     at maybeClose (internal/child_process.js:850:16)
14 verbose stack     at Process.ChildProcess._handle.onexit (internal/child_process.js:215:5)
15 verbose pkgid planiky-server@1.0.0
16 verbose cwd C:\Users\borisv\Desktop\Node\planiky\planiky\server
17 error Windows_NT 6.1.7601
18 error argv "C:\\Program Files\\nodejs\\node.exe" "C:\\Users\\borisv\\AppData\\Roaming\\npm\\node_modules\\npm\\bin\\npm-cli.js" "start"
19 error node v6.1.0
20 error npm  v3.9.0
21 error code ELIFECYCLE
22 error planiky-server@1.0.0 start: `node server.js`
22 error Exit status 1
23 error Failed at the planiky-server@1.0.0 start script 'node server.js'.
23 error Make sure you have the latest version of node.js and npm installed.
23 error If you do, this is most likely a problem with the planiky-server package,
23 error not with npm itself.
23 error Tell the author that this fails on your system:
23 error     node server.js
23 error You can get information on how to open an issue for this project with:
23 error     npm bugs planiky-server
23 error Or if that isn't available, you can get their info via:
23 error     npm owner ls planiky-server
23 error There is likely additional logging output above.
24 verbose exit [ 1, true ]
